<?xml version="1.0" encoding="UTF-8" ?>
<testsuites>
<testsuite name="Frisby Test: Add translator" errors="0" tests="1" failures="0" time="2.15" timestamp="2015-06-19T12:07:11">
  <testcase classname="Frisby Test: Add translator" name="
	[ POST http://localhost:9000/api/v1/translator?name=luis1&amp;email=testu6qm48ia4i@taus.net ]" time="2.15"></testcase>
</testsuite>
</testsuites>