<?xml version="1.0" encoding="UTF-8" ?>
<testsuites>
<testsuite name="Frisby Test: Get Project sub types" errors="0" tests="1" failures="0" time="0.012" timestamp="2015-06-19T12:07:11">
  <testcase classname="Frisby Test: Get Project sub types" name="
	[ GET http://localhost:9000/api/v1/qualitylevel/ ]" time="0.011"></testcase>
</testsuite>
</testsuites>