<?xml version="1.0" encoding="UTF-8" ?>
<testsuites>
<testsuite name="Frisby Test: Add translator with no params" errors="0" tests="1" failures="0" time="0.012" timestamp="2015-06-19T12:07:11">
  <testcase classname="Frisby Test: Add translator with no params" name="
	[ POST http://localhost:9000/api/v1/translator ]" time="0.012"></testcase>
</testsuite>
</testsuites>