<?xml version="1.0" encoding="UTF-8" ?>
<testsuites>
<testsuite name="Frisby Test: Add translator with empty params" errors="0" tests="1" failures="0" time="0.013" timestamp="2015-06-19T12:07:11">
  <testcase classname="Frisby Test: Add translator with empty params" name="
	[ POST http://localhost:9000/api/v1/translator?name=&amp;email= ]" time="0.013"></testcase>
</testsuite>
</testsuites>