<?xml version="1.0" encoding="UTF-8" ?>
<testsuites>
<testsuite name="Frisby Test: Create project" errors="0" tests="1" failures="0" time="0.052" timestamp="2015-06-19T12:07:11">
  <testcase classname="Frisby Test: Create project" name="
	[ POST http://localhost:9000/api/v1/productivityProject?name=testProj&amp;quality_level=1&amp;process=2&amp;source_language=fr-FR&amp;contentType=2&amp;industry=1 ]" time="0.049"></testcase>
</testsuite>
</testsuites>