<?xml version="1.0" encoding="UTF-8" ?>
<testsuites>
<testsuite name="Frisby Test: Get CAT Tools list" errors="0" tests="1" failures="0" time="0.017" timestamp="2015-06-19T12:07:11">
  <testcase classname="Frisby Test: Get CAT Tools list" name="
	[ GET http://localhost:9000/api/v1/cattools/ ]" time="0.017"></testcase>
</testsuite>
</testsuites>